<?xml version="1.0" encoding="UTF-8"?>
<!-- Generated by org.testng.reporters.JUnitReportReporter -->
<testsuite skipped="0" hostname="DESKTOP-BID5BCI" name="Smoke_Test.Click_Email_Nav_Home" tests="1" failures="0" timestamp="27 Dec 2019 10:07:43 GMT" time="41.738" errors="0">
  <testcase name="Contactus" time="41.738" classname="Smoke_Test.Click_Email_Nav_Home"/>
</testsuite> <!-- Smoke_Test.Click_Email_Nav_Home -->
