<?xml version="1.0" encoding="UTF-8"?>
<!-- Generated by org.testng.reporters.JUnitReportReporter -->
<testsuite skipped="0" hostname="DESKTOP-BID5BCI" name="Smoke_Test.Click_aboutus_scrool_nav_home" tests="1" failures="0" timestamp="24 Dec 2019 13:07:53 GMT" time="18.009" errors="0">
  <testcase name="aboutus" time="18.009" classname="Smoke_Test.Click_aboutus_scrool_nav_home"/>
</testsuite> <!-- Smoke_Test.Click_aboutus_scrool_nav_home -->
