<?xml version="1.0" encoding="UTF-8"?>
<!-- Generated by org.testng.reporters.JUnitReportReporter -->
<testsuite skipped="0" hostname="DESKTOP-BID5BCI" name="demo.home_page" tests="1" failures="0" timestamp="24 Dec 2019 10:10:51 GMT" time="114.844" errors="0">
  <testcase name="home" time="114.844" classname="demo.home_page"/>
</testsuite> <!-- demo.home_page -->
